<?xml version="1.0" encoding="UTF-8"?>
<!-- Generated by org.testng.reporters.JUnitReportReporter -->
<testsuite hostname="EPHUBUDW2135" name="com.epam.wilma.mock.client.WilmaMockTest" tests="24" failures="0" timestamp="24 Jun 2015 15:11:15 GMT" time="0.479" errors="0">
  <testcase name="testUploadTemplate" time="0.002" classname="com.epam.wilma.mock.client.WilmaMockTest"/>
  <testcase name="testGetOperationMode" time="0.002" classname="com.epam.wilma.mock.client.WilmaMockTest"/>
  <testcase name="testChangeStubConfigStatus" time="0.003" classname="com.epam.wilma.mock.client.WilmaMockTest"/>
  <testcase name="testGetStubConfigInformation" time="0.003" classname="com.epam.wilma.mock.client.WilmaMockTest"/>
  <testcase name="testChangeStubConfigStatus" time="0.002" classname="com.epam.wilma.mock.client.WilmaMockTest"/>
  <testcase name="testSetMessageLoggingStatus" time="0.003" classname="com.epam.wilma.mock.client.WilmaMockTest"/>
  <testcase name="shouldThrowExceptionWhenConfigIsMissing" time="0.008" classname="com.epam.wilma.mock.client.WilmaMockTest"/>
  <testcase name="testDropStubConfig" time="0.003" classname="com.epam.wilma.mock.client.WilmaMockTest"/>
  <testcase name="testUploadConditionChecker" time="0.003" classname="com.epam.wilma.mock.client.WilmaMockTest"/>
  <testcase name="testSetOperationMode" time="0.291" classname="com.epam.wilma.mock.client.WilmaMockTest"/>
  <testcase name="testSetMessageLoggingStatus" time="0.003" classname="com.epam.wilma.mock.client.WilmaMockTest"/>
  <testcase name="testUploadStubConfiguration" time="0.012" classname="com.epam.wilma.mock.client.WilmaMockTest"/>
  <testcase name="testGetActualLoadInformation" time="0.004" classname="com.epam.wilma.mock.client.WilmaMockTest"/>
  <testcase name="testSetOperationMode" time="0.003" classname="com.epam.wilma.mock.client.WilmaMockTest"/>
  <testcase name="testGetLocalhostBlockingStatus" time="0.003" classname="com.epam.wilma.mock.client.WilmaMockTest"/>
  <testcase name="testGetMessageLoggingStatus" time="0.003" classname="com.epam.wilma.mock.client.WilmaMockTest"/>
  <testcase name="testChangeStubConfigStatus" time="0.013" classname="com.epam.wilma.mock.client.WilmaMockTest"/>
  <testcase name="testSetOperationMode" time="0.002" classname="com.epam.wilma.mock.client.WilmaMockTest"/>
  <testcase name="testUploadTemplateFormatter" time="0.005" classname="com.epam.wilma.mock.client.WilmaMockTest"/>
  <testcase name="testSetOperationMode" time="0.097" classname="com.epam.wilma.mock.client.WilmaMockTest"/>
  <testcase name="testSetOperationMode" time="0.003" classname="com.epam.wilma.mock.client.WilmaMockTest"/>
  <testcase name="testChangeStubConfigStatus" time="0.003" classname="com.epam.wilma.mock.client.WilmaMockTest"/>
  <testcase name="testPersistActualStubConfig" time="0.005" classname="com.epam.wilma.mock.client.WilmaMockTest"/>
  <testcase name="testShutdownApplication" time="0.003" classname="com.epam.wilma.mock.client.WilmaMockTest"/>
</testsuite> <!-- com.epam.wilma.mock.client.WilmaMockTest -->
